
------
Test: tests/test_google_maps_api.py::Test_create_place::test_create_new_place (call)
Time: 2025-09-07 21:54:14.414940
Request method: POST
Request method: https://rahulshettyacademy.com/maps/api/place/add/json?key=qaclick123

Response code: 200
Response text: {"status":"OK","place_id":"3342b64445879f988adbdff4a502c1df","scope":"APP","reference":"0add58684044bac6cdd4d23dacc476d70add58684044bac6cdd4d23dacc476d7","id":"0add58684044bac6cdd4d23dacc476d7"}
Response headers: {'Date': 'Sun, 07 Sep 2025 18:54:14 GMT', 'Server': 'Apache/2.4.52 (Ubuntu)', 'Access-Control-Allow-Origin': '*', 'Access-Control-Allow-Methods': 'POST', 'Access-Control-Max-Age': '3600', 'Access-Control-Allow-Headers': 'Content-Type, Access-Control-Allow-Headers, Authorization, X-Requested-With', 'Content-Length': '194', 'Keep-Alive': 'timeout=5, max=100', 'Connection': 'Keep-Alive', 'Content-Type': 'application/json;charset=UTF-8'}
Response headers: {}

------

------
Test: tests/test_google_maps_api.py::Test_create_place::test_create_new_place (call)
Time: 2025-09-07 21:54:15.047741
Request method: GET
Request method: https://rahulshettyacademy.com/maps/api/place/get/json?key=qaclick123&place_id=3342b64445879f988adbdff4a502c1df

Response code: 200
Response text: {"location":{"latitude":"-38.383494","longitude":"33.427362"},"accuracy":"50","name":"Frontline house","phone_number":"(+91) 983 893 3937","address":"29, side layout, cohen 09","types":"shoe park,shop","website":"http:\/\/google.com","language":"French-IN"}
Response headers: {'Date': 'Sun, 07 Sep 2025 18:54:14 GMT', 'Server': 'Apache/2.4.52 (Ubuntu)', 'Access-Control-Allow-Origin': '*', 'Access-Control-Allow-Methods': 'POST', 'Access-Control-Max-Age': '3600', 'Access-Control-Allow-Headers': 'Content-Type, Access-Control-Allow-Headers, Authorization, X-Requested-With', 'Content-Length': '257', 'Keep-Alive': 'timeout=5, max=100', 'Connection': 'Keep-Alive', 'Content-Type': 'application/json;charset=UTF-8'}
Response headers: {}

------

------
Test: tests/test_google_maps_api.py::Test_create_place::test_create_new_place (call)
Time: 2025-09-07 21:54:17.091745
Request method: PUT
Request method: https://rahulshettyacademy.com/maps/api/place/update/json?key=qaclick123

Response code: 200
Response text: {"msg":"Address successfully updated"}
Response headers: {'Date': 'Sun, 07 Sep 2025 18:54:16 GMT', 'Server': 'Apache/2.4.52 (Ubuntu)', 'Access-Control-Allow-Origin': '*', 'Access-Control-Allow-Methods': 'POST', 'Access-Control-Max-Age': '3600', 'Access-Control-Allow-Headers': 'Content-Type, Access-Control-Allow-Headers, Authorization, X-Requested-With', 'Content-Length': '38', 'Keep-Alive': 'timeout=5, max=100', 'Connection': 'Keep-Alive', 'Content-Type': 'application/json;charset=UTF-8'}
Response headers: {}

------

------
Test: tests/test_google_maps_api.py::Test_create_place::test_create_new_place (call)
Time: 2025-09-07 21:54:19.887417
Request method: GET
Request method: https://rahulshettyacademy.com/maps/api/place/get/json?key=qaclick123&place_id=3342b64445879f988adbdff4a502c1df

Response code: 200
Response text: {"location":{"latitude":"-38.383494","longitude":"33.427362"},"accuracy":"50","name":"Frontline house","phone_number":"(+91) 983 893 3937","address":"100 Lenina street, RU","types":"shoe park,shop","website":"http:\/\/google.com","language":"French-IN"}
Response headers: {'Date': 'Sun, 07 Sep 2025 18:54:19 GMT', 'Server': 'Apache/2.4.52 (Ubuntu)', 'Access-Control-Allow-Origin': '*', 'Access-Control-Allow-Methods': 'POST', 'Access-Control-Max-Age': '3600', 'Access-Control-Allow-Headers': 'Content-Type, Access-Control-Allow-Headers, Authorization, X-Requested-With', 'Content-Length': '253', 'Keep-Alive': 'timeout=5, max=100', 'Connection': 'Keep-Alive', 'Content-Type': 'application/json;charset=UTF-8'}
Response headers: {}

------

------
Test: tests/test_google_maps_api.py::Test_create_place::test_create_new_place (call)
Time: 2025-09-07 21:54:21.938726
Request method: DELETE
Request method: https://rahulshettyacademy.com/maps/api/place/delete/json?key=qaclick123

Response code: 200
Response text: {"status":"OK"}
Response headers: {'Date': 'Sun, 07 Sep 2025 18:54:21 GMT', 'Server': 'Apache/2.4.52 (Ubuntu)', 'Access-Control-Allow-Origin': '*', 'Access-Control-Allow-Methods': 'POST', 'Access-Control-Max-Age': '3600', 'Access-Control-Allow-Headers': 'Content-Type, Access-Control-Allow-Headers, Authorization, X-Requested-With', 'Content-Length': '15', 'Keep-Alive': 'timeout=5, max=100', 'Connection': 'Keep-Alive', 'Content-Type': 'application/json;charset=UTF-8'}
Response headers: {}

------

------
Test: tests/test_google_maps_api.py::Test_create_place::test_create_new_place (call)
Time: 2025-09-07 21:54:24.908125
Request method: GET
Request method: https://rahulshettyacademy.com/maps/api/place/get/json?key=qaclick123&place_id=3342b64445879f988adbdff4a502c1df

Response code: 404
Response text: {"msg":"Get operation failed, looks like place_id  doesn't exists"}
Response headers: {'Date': 'Sun, 07 Sep 2025 18:54:24 GMT', 'Server': 'Apache/2.4.52 (Ubuntu)', 'Access-Control-Allow-Origin': '*', 'Access-Control-Allow-Methods': 'POST', 'Access-Control-Max-Age': '3600', 'Access-Control-Allow-Headers': 'Content-Type, Access-Control-Allow-Headers, Authorization, X-Requested-With', 'Content-Length': '67', 'Keep-Alive': 'timeout=5, max=100', 'Connection': 'Keep-Alive', 'Content-Type': 'application/json;charset=UTF-8'}
Response headers: {}

------
